<?xml version="1.0" encoding="UTF-8"?>
<!-- Generated by org.testng.reporters.JUnitXMLReporter -->
<testsuite ignored="0" hostname="RJ-HP-Laptop" failures="1" tests="2" name="Test" time="2.516" errors="0" timestamp="2024-12-20T16:21:52 IST">
  <testcase classname="GreenKart.Kart" name="test" time="0.013">
    <failure type="java.lang.Error" message="Unresolved compilation problems: 
	driver cannot be resolved
	driver cannot be resolved
	driver cannot be resolved
	driver cannot be resolved
">
      <![CDATA[java.lang.Error: Unresolved compilation problems: 
driver cannot be resolved
driver cannot be resolved
driver cannot be resolved
driver cannot be resolved

at GreenKart.Kart.test(Kart.java:16)
at java.base/java.util.ArrayList.forEach(ArrayList.java:1596)
... Removed 25 stack frames]]>
    </failure>
  </testcase> <!-- test -->
  <testcase classname="GreenKart.GreenKart" name="login" time="0.764"/>
</testsuite> <!-- Test -->
